<?xml version="1.0" encoding="UTF-8"?>
<!-- Generated by org.testng.reporters.JUnitReportReporter -->
<testsuite skipped="0" hostname="DESKTOP-VLLDNNG" name="New.Testng" tests="2" failures="0" timestamp="2020-05-04T15:13:48 IST" time="0.038" errors="0">
  <testcase name="login" time="0.032" classname="New.Testng"/>
  <system-out/>
  <testcase name="logout" time="0.006" classname="New.Testng"/>
  <system-out/>
</testsuite> <!-- New.Testng -->
